Started by user Syed Owais Rizvi
Running as SYSTEM
Building remotely on slave-worker (slave) in workspace /home/ubuntu/jenkins-slave/workspace/deployment-master-slave
The recommended git tool is: NONE
using credential 43540334-d8fa-43a4-8f64-fec679623f61
Cloning the remote Git repository
Cloning repository https://github.com/owaisrizvi97/React-django-todo-app.git
 > git init /home/ubuntu/jenkins-slave/workspace/deployment-master-slave # timeout=10
Fetching upstream changes from https://github.com/owaisrizvi97/React-django-todo-app.git
 > git --version # timeout=10
 > git --version # 'git version 2.34.1'
using GIT_ASKPASS to set credentials github credentials
 > git fetch --tags --force --progress -- https://github.com/owaisrizvi97/React-django-todo-app.git +refs/heads/*:refs/remotes/origin/* # timeout=10
 > git config remote.origin.url https://github.com/owaisrizvi97/React-django-todo-app.git # timeout=10
 > git config --add remote.origin.fetch +refs/heads/*:refs/remotes/origin/* # timeout=10
Avoid second fetch
 > git rev-parse refs/remotes/origin/main^{commit} # timeout=10
Checking out Revision 8fecb1c2259eccd23c500b2ca7010e40eda530d3 (refs/remotes/origin/main)
 > git config core.sparsecheckout # timeout=10
 > git checkout -f 8fecb1c2259eccd23c500b2ca7010e40eda530d3 # timeout=10
Commit message: "change title"
First time build. Skipping changelog.
[deployment-master-slave] $ /bin/sh -xe /tmp/jenkins14827650688434987065.sh
+ docker build -t todo-django-app .
#0 building with "default" instance using docker driver

#1 [internal] load build definition from Dockerfile
#1 transferring dockerfile: 182B done
#1 DONE 0.1s

#2 [internal] load .dockerignore
#2 transferring context: 2B done
#2 DONE 0.1s

#3 [internal] load metadata for docker.io/library/python:3.9
#3 DONE 2.4s

#4 [1/4] FROM docker.io/library/python:3.9@sha256:031b2a713079b2436e6c2102dbffbce109c9c2582ad0867c380e3c8d7fed477f
#4 resolve docker.io/library/python:3.9@sha256:031b2a713079b2436e6c2102dbffbce109c9c2582ad0867c380e3c8d7fed477f 0.0s done
#4 ...

#5 [internal] load build context
#5 transferring context: 2.56MB 0.1s done
#5 DONE 0.1s

#4 [1/4] FROM docker.io/library/python:3.9@sha256:031b2a713079b2436e6c2102dbffbce109c9c2582ad0867c380e3c8d7fed477f
#4 sha256:031b2a713079b2436e6c2102dbffbce109c9c2582ad0867c380e3c8d7fed477f 1.86kB / 1.86kB done
#4 sha256:1fcc3e2d0128c39c20eb34e1a094c66f78cbea1de52428e0a5a82588bf0d50c7 2.01kB / 2.01kB done
#4 sha256:49d20c6af9a62b32e4e1c2f62aba838f1b23a24dab60cd200095e445bcc401db 7.51kB / 7.51kB done
#4 sha256:167b8a53ca4504bc6aa3182e336fa96f4ef76875d158c1933d3e2fa19c57e0c3 0B / 49.56MB 0.1s
#4 sha256:b47a222d28fa95680198398973d0a29b82a968f03e7ef361cc8ded562e4d84a3 0B / 24.03MB 0.1s
#4 sha256:debce5f9f3a9709885f7f2ad3cf41f036a3b57b406b27ba3a883928315787042 0B / 64.11MB 0.2s
#4 sha256:167b8a53ca4504bc6aa3182e336fa96f4ef76875d158c1933d3e2fa19c57e0c3 10.49MB / 49.56MB 0.4s
#4 sha256:b47a222d28fa95680198398973d0a29b82a968f03e7ef361cc8ded562e4d84a3 2.10MB / 24.03MB 0.4s
#4 sha256:167b8a53ca4504bc6aa3182e336fa96f4ef76875d158c1933d3e2fa19c57e0c3 14.68MB / 49.56MB 0.5s
#4 sha256:b47a222d28fa95680198398973d0a29b82a968f03e7ef361cc8ded562e4d84a3 7.34MB / 24.03MB 0.5s
#4 sha256:167b8a53ca4504bc6aa3182e336fa96f4ef76875d158c1933d3e2fa19c57e0c3 20.11MB / 49.56MB 0.6s
#4 sha256:b47a222d28fa95680198398973d0a29b82a968f03e7ef361cc8ded562e4d84a3 13.63MB / 24.03MB 0.6s
#4 sha256:167b8a53ca4504bc6aa3182e336fa96f4ef76875d158c1933d3e2fa19c57e0c3 24.12MB / 49.56MB 0.8s
#4 sha256:b47a222d28fa95680198398973d0a29b82a968f03e7ef361cc8ded562e4d84a3 23.07MB / 24.03MB 0.8s
#4 sha256:b47a222d28fa95680198398973d0a29b82a968f03e7ef361cc8ded562e4d84a3 24.03MB / 24.03MB 0.9s done
#4 sha256:debce5f9f3a9709885f7f2ad3cf41f036a3b57b406b27ba3a883928315787042 5.24MB / 64.11MB 0.9s
#4 sha256:1d7ca7cd2e066ae77ac6284a9d027f72a31a02a18bfc2a249ef2e7b01074338b 0B / 211.04MB 0.9s
#4 sha256:167b8a53ca4504bc6aa3182e336fa96f4ef76875d158c1933d3e2fa19c57e0c3 29.36MB / 49.56MB 1.1s
#4 sha256:debce5f9f3a9709885f7f2ad3cf41f036a3b57b406b27ba3a883928315787042 10.94MB / 64.11MB 1.1s
#4 sha256:167b8a53ca4504bc6aa3182e336fa96f4ef76875d158c1933d3e2fa19c57e0c3 32.51MB / 49.56MB 1.3s
#4 sha256:debce5f9f3a9709885f7f2ad3cf41f036a3b57b406b27ba3a883928315787042 15.73MB / 64.11MB 1.3s
#4 sha256:167b8a53ca4504bc6aa3182e336fa96f4ef76875d158c1933d3e2fa19c57e0c3 35.65MB / 49.56MB 1.5s
#4 sha256:debce5f9f3a9709885f7f2ad3cf41f036a3b57b406b27ba3a883928315787042 20.97MB / 64.11MB 1.5s
#4 sha256:1d7ca7cd2e066ae77ac6284a9d027f72a31a02a18bfc2a249ef2e7b01074338b 16.78MB / 211.04MB 1.5s
#4 sha256:167b8a53ca4504bc6aa3182e336fa96f4ef76875d158c1933d3e2fa19c57e0c3 38.80MB / 49.56MB 1.6s
#4 sha256:debce5f9f3a9709885f7f2ad3cf41f036a3b57b406b27ba3a883928315787042 27.26MB / 64.11MB 1.7s
#4 sha256:167b8a53ca4504bc6aa3182e336fa96f4ef76875d158c1933d3e2fa19c57e0c3 49.56MB / 49.56MB 1.9s
#4 sha256:debce5f9f3a9709885f7f2ad3cf41f036a3b57b406b27ba3a883928315787042 34.60MB / 64.11MB 1.9s
#4 sha256:1d7ca7cd2e066ae77ac6284a9d027f72a31a02a18bfc2a249ef2e7b01074338b 32.51MB / 211.04MB 1.9s
#4 sha256:167b8a53ca4504bc6aa3182e336fa96f4ef76875d158c1933d3e2fa19c57e0c3 49.56MB / 49.56MB 2.0s done
#4 sha256:debce5f9f3a9709885f7f2ad3cf41f036a3b57b406b27ba3a883928315787042 38.42MB / 64.11MB 2.0s
#4 sha256:debce5f9f3a9709885f7f2ad3cf41f036a3b57b406b27ba3a883928315787042 47.19MB / 64.11MB 2.2s
#4 sha256:ff3119008f58beef8f336fa833707b0fe914db94ca6b7bb55abe3e1bf2b1ad56 0B / 6.39MB 2.2s
#4 sha256:debce5f9f3a9709885f7f2ad3cf41f036a3b57b406b27ba3a883928315787042 52.19MB / 64.11MB 2.3s
#4 sha256:1d7ca7cd2e066ae77ac6284a9d027f72a31a02a18bfc2a249ef2e7b01074338b 43.66MB / 211.04MB 2.3s
#4 sha256:debce5f9f3a9709885f7f2ad3cf41f036a3b57b406b27ba3a883928315787042 56.62MB / 64.11MB 2.5s
#4 sha256:ff3119008f58beef8f336fa833707b0fe914db94ca6b7bb55abe3e1bf2b1ad56 6.29MB / 6.39MB 2.5s
#4 extracting sha256:167b8a53ca4504bc6aa3182e336fa96f4ef76875d158c1933d3e2fa19c57e0c3
#4 sha256:debce5f9f3a9709885f7f2ad3cf41f036a3b57b406b27ba3a883928315787042 64.11MB / 64.11MB 2.7s
#4 sha256:1d7ca7cd2e066ae77ac6284a9d027f72a31a02a18bfc2a249ef2e7b01074338b 59.77MB / 211.04MB 2.7s
#4 sha256:ff3119008f58beef8f336fa833707b0fe914db94ca6b7bb55abe3e1bf2b1ad56 6.39MB / 6.39MB 2.5s done
#4 sha256:881baf0c8614c8cfee065229710ca30dd8ac80483d2414b3a581842478f3f6d0 0B / 15.82MB 2.7s
#4 sha256:debce5f9f3a9709885f7f2ad3cf41f036a3b57b406b27ba3a883928315787042 64.11MB / 64.11MB 2.7s done
#4 sha256:cd487584af1ddcd07ba9c98ee666a5ed58d9df614e7d9bd724ce969186352d13 0B / 242B 2.8s
#4 sha256:1d7ca7cd2e066ae77ac6284a9d027f72a31a02a18bfc2a249ef2e7b01074338b 74.63MB / 211.04MB 2.9s
#4 sha256:881baf0c8614c8cfee065229710ca30dd8ac80483d2414b3a581842478f3f6d0 5.24MB / 15.82MB 2.9s
#4 sha256:881baf0c8614c8cfee065229710ca30dd8ac80483d2414b3a581842478f3f6d0 13.63MB / 15.82MB 3.1s
#4 sha256:1d7ca7cd2e066ae77ac6284a9d027f72a31a02a18bfc2a249ef2e7b01074338b 87.03MB / 211.04MB 3.2s
#4 sha256:881baf0c8614c8cfee065229710ca30dd8ac80483d2414b3a581842478f3f6d0 15.82MB / 15.82MB 3.2s
#4 sha256:cd487584af1ddcd07ba9c98ee666a5ed58d9df614e7d9bd724ce969186352d13 242B / 242B 3.1s done
#4 sha256:24f9ea4a1e4f7e0587ef305f3e191b51f2280ede27be9eb8d9a17df5153a9759 0B / 2.85MB 3.2s
#4 sha256:1d7ca7cd2e066ae77ac6284a9d027f72a31a02a18bfc2a249ef2e7b01074338b 99.61MB / 211.04MB 3.4s
#4 sha256:881baf0c8614c8cfee065229710ca30dd8ac80483d2414b3a581842478f3f6d0 15.82MB / 15.82MB 3.4s done
#4 sha256:24f9ea4a1e4f7e0587ef305f3e191b51f2280ede27be9eb8d9a17df5153a9759 2.85MB / 2.85MB 3.5s
#4 sha256:1d7ca7cd2e066ae77ac6284a9d027f72a31a02a18bfc2a249ef2e7b01074338b 118.72MB / 211.04MB 3.7s
#4 sha256:24f9ea4a1e4f7e0587ef305f3e191b51f2280ede27be9eb8d9a17df5153a9759 2.85MB / 2.85MB 3.6s done
#4 sha256:1d7ca7cd2e066ae77ac6284a9d027f72a31a02a18bfc2a249ef2e7b01074338b 132.12MB / 211.04MB 3.9s
#4 sha256:1d7ca7cd2e066ae77ac6284a9d027f72a31a02a18bfc2a249ef2e7b01074338b 148.21MB / 211.04MB 4.1s
#4 sha256:1d7ca7cd2e066ae77ac6284a9d027f72a31a02a18bfc2a249ef2e7b01074338b 159.38MB / 211.04MB 4.3s
#4 sha256:1d7ca7cd2e066ae77ac6284a9d027f72a31a02a18bfc2a249ef2e7b01074338b 175.11MB / 211.04MB 4.5s
#4 sha256:1d7ca7cd2e066ae77ac6284a9d027f72a31a02a18bfc2a249ef2e7b01074338b 193.99MB / 211.04MB 4.7s
#4 sha256:1d7ca7cd2e066ae77ac6284a9d027f72a31a02a18bfc2a249ef2e7b01074338b 210.44MB / 211.04MB 4.9s
#4 sha256:1d7ca7cd2e066ae77ac6284a9d027f72a31a02a18bfc2a249ef2e7b01074338b 211.04MB / 211.04MB 5.8s done
#4 extracting sha256:167b8a53ca4504bc6aa3182e336fa96f4ef76875d158c1933d3e2fa19c57e0c3 5.0s
#4 extracting sha256:167b8a53ca4504bc6aa3182e336fa96f4ef76875d158c1933d3e2fa19c57e0c3 5.2s done
#4 extracting sha256:b47a222d28fa95680198398973d0a29b82a968f03e7ef361cc8ded562e4d84a3
#4 extracting sha256:b47a222d28fa95680198398973d0a29b82a968f03e7ef361cc8ded562e4d84a3 1.1s done
#4 extracting sha256:debce5f9f3a9709885f7f2ad3cf41f036a3b57b406b27ba3a883928315787042 0.1s
#4 extracting sha256:debce5f9f3a9709885f7f2ad3cf41f036a3b57b406b27ba3a883928315787042 4.2s done
#4 extracting sha256:1d7ca7cd2e066ae77ac6284a9d027f72a31a02a18bfc2a249ef2e7b01074338b 0.1s
#4 extracting sha256:1d7ca7cd2e066ae77ac6284a9d027f72a31a02a18bfc2a249ef2e7b01074338b 5.2s
#4 extracting sha256:1d7ca7cd2e066ae77ac6284a9d027f72a31a02a18bfc2a249ef2e7b01074338b 10.2s
#4 extracting sha256:1d7ca7cd2e066ae77ac6284a9d027f72a31a02a18bfc2a249ef2e7b01074338b 11.8s done
#4 extracting sha256:ff3119008f58beef8f336fa833707b0fe914db94ca6b7bb55abe3e1bf2b1ad56 0.1s
#4 extracting sha256:ff3119008f58beef8f336fa833707b0fe914db94ca6b7bb55abe3e1bf2b1ad56 0.5s done
#4 extracting sha256:881baf0c8614c8cfee065229710ca30dd8ac80483d2414b3a581842478f3f6d0 0.1s
#4 extracting sha256:881baf0c8614c8cfee065229710ca30dd8ac80483d2414b3a581842478f3f6d0 0.9s done
#4 extracting sha256:cd487584af1ddcd07ba9c98ee666a5ed58d9df614e7d9bd724ce969186352d13 done
#4 extracting sha256:24f9ea4a1e4f7e0587ef305f3e191b51f2280ede27be9eb8d9a17df5153a9759 0.1s
#4 extracting sha256:24f9ea4a1e4f7e0587ef305f3e191b51f2280ede27be9eb8d9a17df5153a9759 0.3s done
#4 DONE 27.2s

#6 [2/4] WORKDIR app
#6 DONE 0.1s

#7 [3/4] COPY . /app
#7 DONE 0.2s

#8 [4/4] RUN pip install -r requirements.txt
#8 3.261 Collecting asgiref==3.2.3
#8 3.322   Downloading asgiref-3.2.3-py2.py3-none-any.whl (18 kB)
#8 3.523 Collecting Django==3.0.3
#8 3.567   Downloading Django-3.0.3-py3-none-any.whl (7.5 MB)
#8 4.276      ━━━━━━━━━━━━━━━━━━━━━━━━━━━━━━━━━━━━━━━━ 7.5/7.5 MB 10.6 MB/s eta 0:00:00
#8 4.388 Collecting django-cors-headers==3.2.1
#8 4.396   Downloading django_cors_headers-3.2.1-py3-none-any.whl (14 kB)
#8 4.474 Collecting djangorestframework==3.11.0
#8 4.510   Downloading djangorestframework-3.11.0-py3-none-any.whl (911 kB)
#8 4.538      ━━━━━━━━━━━━━━━━━━━━━━━━━━━━━━━━━━━━━━ 911.2/911.2 kB 40.5 MB/s eta 0:00:00
#8 4.646 Collecting pytz==2019.3
#8 4.671   Downloading pytz-2019.3-py2.py3-none-any.whl (509 kB)
#8 4.687      ━━━━━━━━━━━━━━━━━━━━━━━━━━━━━━━━━━━━━━ 509.2/509.2 kB 41.5 MB/s eta 0:00:00
#8 4.729 Collecting sqlparse==0.3.0
#8 4.736   Downloading sqlparse-0.3.0-py2.py3-none-any.whl (39 kB)
#8 4.896 Installing collected packages: pytz, asgiref, sqlparse, Django, djangorestframework, django-cors-headers
#8 8.110 Successfully installed Django-3.0.3 asgiref-3.2.3 django-cors-headers-3.2.1 djangorestframework-3.11.0 pytz-2019.3 sqlparse-0.3.0
#8 8.111 WARNING: Running pip as the 'root' user can result in broken permissions and conflicting behaviour with the system package manager. It is recommended to use a virtual environment instead: https://pip.pypa.io/warnings/venv
#8 8.305 
#8 8.305 [notice] A new release of pip is available: 23.0.1 -> 23.2.1
#8 8.305 [notice] To update, run: pip install --upgrade pip
#8 DONE 8.5s

#9 exporting to image
#9 exporting layers
#9 exporting layers 1.5s done
#9 writing image sha256:ecffd847c743a1f97bd7c400a8393e7d931f3ce4e504fb7fcc484381455ad746 done
#9 naming to docker.io/library/todo-django-app done
#9 DONE 1.5s
+ docker run -p 8001:8001 -d todo-django-app
5e4ae0ab0473ed0c202928217fe7cc3ee8259f8ba901bdd104f5da78ae6088f5
Finished: SUCCESS
